Start testing: Jun 15 18:34 ora legale Europa occ.
----------------------------------------------------------
1/4 Testing: gmDeck_v2
1/4 Test: gmDeck_v2
Command: "C:/_GLT_/Qt Prj/game_lib/build/gmAlea/test_gmDeck_v2.exe"
Directory: C:/_GLT_/Qt Prj/game_lib/build/gmAlea
"gmDeck_v2" start time: Jun 15 18:34 ora legale Europa occ.
Output:
----------------------------------------------------------
=== GmDeck v2 unit tests ===

[PASS] no_auto_shuffle
[PASS] auto_shuffle_default
[PASS] push_back
[PASS] push_front
[PASS] push_back_duplicate
[PASS] push_front_duplicate
[PASS] draw_specific
[PASS] draw_specific_not_found
[PASS] allow_duplicates_construction
[PASS] disallow_duplicates_still_throws
[PASS] probability_deck_draw_all
[PASS] push_back_allow_duplicates

--- Results: 12 passed, 0 failed ---
<end of output>
Test time =   0.98 sec
----------------------------------------------------------
Test Passed.
"gmDeck_v2" end time: Jun 15 18:34 ora legale Europa occ.
"gmDeck_v2" time elapsed: 00:00:00
----------------------------------------------------------

2/4 Testing: gmCompDeck
2/4 Test: gmCompDeck
Command: "C:/_GLT_/Qt Prj/game_lib/build/gmAlea/test_gmCompDeck.exe"
Directory: C:/_GLT_/Qt Prj/game_lib/build/gmAlea
"gmCompDeck" start time: Jun 15 18:34 ora legale Europa occ.
Output:
----------------------------------------------------------
=== GmCompDeck integration tests ===

[PASS] construction
[PASS] draw_to_hand
[PASS] draw_to_hand_empty
[PASS] play_and_resolve
[PASS] discard_from_hand
[PASS] take_from_discard
[PASS] banish_from_hand
[PASS] banish_already_banished
[PASS] reshuffle_discard_into_deck
[PASS] draw_specific_to_hand
[PASS] locate_not_found
[PASS] return_from_discard_to_deck
[PASS] remember_from_hand
[PASS] remember_from_play_area
[PASS] remember_from_discard
[PASS] play_from_memory
[PASS] return_memory_to_hand
[PASS] discard_from_memory
[PASS] banish_from_memory
[PASS] banish_universal_from_memory
[PASS] memory_order_preserved
[PASS] remember_wrong_zone_atomic

--- Results: 22 passed, 0 failed ---
<end of output>
Test time =   0.80 sec
----------------------------------------------------------
Test Passed.
"gmCompDeck" end time: Jun 15 18:34 ora legale Europa occ.
"gmCompDeck" time elapsed: 00:00:00
----------------------------------------------------------

3/4 Testing: gmDice
3/4 Test: gmDice
Command: "C:/_GLT_/Qt Prj/game_lib/build/gmAlea/test_gmDice.exe"
Directory: C:/_GLT_/Qt Prj/game_lib/build/gmAlea
"gmDice" start time: Jun 15 18:34 ora legale Europa occ.
Output:
----------------------------------------------------------
=== GmDice unit tests ===

[PASS] constructor_empty_faces_throws
[PASS] roll_one_value_from_face_set
[PASS] roll_invalid_count_throws
[PASS] roll_sum_matches_rolled_out
[PASS] roll_min_matches_rolled_out
[PASS] roll_max_matches_rolled_out
[PASS] roll_mean_round_matches_rolled_out
[PASS] roll_with_null_output_pointer
[PASS] faces_count_includes_duplicates
[PASS] same_seed_same_sequence
[PASS] reseed_same_state_same_future_sequence
[PASS] weighted_faces_are_representable
[PASS] roll_ref_overload

--- Results: 13 passed, 0 failed ---
<end of output>
Test time =   0.99 sec
----------------------------------------------------------
Test Passed.
"gmDice" end time: Jun 15 18:34 ora legale Europa occ.
"gmDice" time elapsed: 00:00:00
----------------------------------------------------------

4/4 Testing: stdDice
4/4 Test: stdDice
Command: "C:/_GLT_/Qt Prj/game_lib/build/gmAlea/test_stdDice.exe"
Directory: C:/_GLT_/Qt Prj/game_lib/build/gmAlea
"stdDice" start time: Jun 15 18:34 ora legale Europa occ.
Output:
----------------------------------------------------------
=== StdDice unit tests ===

[PASS] default_constructor_is_d6
[PASS] single_param_constructor_builds_1_to_max
[PASS] range_constructor_builds_min_to_max
[PASS] single_param_invalid_max_throws
[PASS] range_invalid_bounds_throws
[PASS] roll_one_within_range
[PASS] roll_sum_matches_rolled_out
[PASS] roll_min_matches_rolled_out
[PASS] roll_max_matches_rolled_out
[PASS] roll_mean_round_matches_rolled_out
[PASS] same_seed_same_sequence
[PASS] reseed_same_state_same_future_sequence
[PASS] roll_ref_overload

--- Results: 13 passed, 0 failed ---
<end of output>
Test time =   0.92 sec
----------------------------------------------------------
Test Passed.
"stdDice" end time: Jun 15 18:34 ora legale Europa occ.
"stdDice" time elapsed: 00:00:00
----------------------------------------------------------

End testing: Jun 15 18:34 ora legale Europa occ.
